<?xml version="1.0" encoding="UTF-8"?>
<testsuite xmlns:xsi="http://www.w3.org/2001/XMLSchema-instance" xsi:noNamespaceSchemaLocation="https://maven.apache.org/surefire/maven-surefire-plugin/xsd/surefire-test-report-3.0.xsd" version="3.0" name="org.itsimulator.germes.app.rest.service.CityResourceTest" time="0.434" tests="1" errors="1" skipped="0" failures="0">
  <properties>
[...]
</properties>
  <testcase name="testFindCitiesSuccess" classname="org.itsimulator.germes.app.rest.service.CityResourceTest" time="0.366">
    <error message="Receiver class org.glassfish.jersey.jackson.internal.JacksonAutoDiscoverable does not define or inherit an implementation of the resolved method &apos;abstract void configure(javax.ws.rs.core.FeatureContext)&apos; of interface org.glassfish.jersey.internal.spi.AutoDiscoverable." type="java.lang.AbstractMethodError"><![CDATA[java.lang.AbstractMethodError: Receiver class org.glassfish.jersey.jackson.internal.JacksonAutoDiscoverable does not define or inherit an implementation of the resolved method 'abstract void configure(javax.ws.rs.core.FeatureContext)' of interface org.glassfish.jersey.internal.spi.AutoDiscoverable.
	at org.glassfish.jersey.model.internal.CommonConfig.configureAutoDiscoverableProviders(CommonConfig.java:622)
	at org.glassfish.jersey.server.ResourceConfig.configureAutoDiscoverableProviders(ResourceConfig.java:804)
	at org.glassfish.jersey.server.ApplicationHandler.initialize(ApplicationHandler.java:446)
	at org.glassfish.jersey.server.ApplicationHandler.access$500(ApplicationHandler.java:183)
	at org.glassfish.jersey.server.ApplicationHandler$3.call(ApplicationHandler.java:349)
	at org.glassfish.jersey.server.ApplicationHandler$3.call(ApplicationHandler.java:346)
	at org.glassfish.jersey.internal.Errors.process(Errors.java:315)
	at org.glassfish.jersey.internal.Errors.process(Errors.java:297)
	at org.glassfish.jersey.internal.Errors.processWithException(Errors.java:255)
	at org.glassfish.jersey.server.ApplicationHandler.<init>(ApplicationHandler.java:346)
	at org.glassfish.jersey.server.ApplicationHandler.<init>(ApplicationHandler.java:310)
	at org.glassfish.jersey.grizzly2.httpserver.GrizzlyHttpContainer.<init>(GrizzlyHttpContainer.java:331)
	at org.glassfish.jersey.grizzly2.httpserver.GrizzlyHttpServerFactory.createHttpServer(GrizzlyHttpServerFactory.java:139)
	at org.glassfish.jersey.test.grizzly.GrizzlyTestContainerFactory$GrizzlyTestContainer.<init>(GrizzlyTestContainerFactory.java:82)
	at org.glassfish.jersey.test.grizzly.GrizzlyTestContainerFactory$GrizzlyTestContainer.<init>(GrizzlyTestContainerFactory.java:66)
	at org.glassfish.jersey.test.grizzly.GrizzlyTestContainerFactory.create(GrizzlyTestContainerFactory.java:130)
	at org.glassfish.jersey.test.JerseyTest.createTestContainer(JerseyTest.java:277)
	at org.glassfish.jersey.test.JerseyTest.setUp(JerseyTest.java:609)
	at java.base/jdk.internal.reflect.DirectMethodHandleAccessor.invoke(DirectMethodHandleAccessor.java:104)
	at java.base/java.lang.reflect.Method.invoke(Method.java:578)
	at org.junit.runners.model.FrameworkMethod$1.runReflectiveCall(FrameworkMethod.java:59)
	at org.junit.internal.runners.model.ReflectiveCallable.run(ReflectiveCallable.java:12)
	at org.junit.runners.model.FrameworkMethod.invokeExplosively(FrameworkMethod.java:56)
	at org.junit.internal.runners.statements.RunBefores.invokeMethod(RunBefores.java:33)
	at org.junit.internal.runners.statements.RunBefores.evaluate(RunBefores.java:24)
	at org.junit.internal.runners.statements.RunAfters.evaluate(RunAfters.java:27)
	at org.junit.runners.ParentRunner$3.evaluate(ParentRunner.java:306)
	at org.junit.runners.BlockJUnit4ClassRunner$1.evaluate(BlockJUnit4ClassRunner.java:100)
	at org.junit.runners.ParentRunner.runLeaf(ParentRunner.java:366)
	at org.junit.runners.BlockJUnit4ClassRunner.runChild(BlockJUnit4ClassRunner.java:103)
	at org.junit.runners.BlockJUnit4ClassRunner.runChild(BlockJUnit4ClassRunner.java:63)
	at org.junit.runners.ParentRunner$4.run(ParentRunner.java:331)
	at org.junit.runners.ParentRunner$1.schedule(ParentRunner.java:79)
	at org.junit.runners.ParentRunner.runChildren(ParentRunner.java:329)
	at org.junit.runners.ParentRunner.access$100(ParentRunner.java:66)
	at org.junit.runners.ParentRunner$2.evaluate(ParentRunner.java:293)
	at org.junit.runners.ParentRunner$3.evaluate(ParentRunner.java:306)
	at org.junit.runners.ParentRunner.run(ParentRunner.java:413)
	at org.apache.maven.surefire.junit4.JUnit4Provider.execute(JUnit4Provider.java:316)
	at org.apache.maven.surefire.junit4.JUnit4Provider.executeWithRerun(JUnit4Provider.java:240)
	at org.apache.maven.surefire.junit4.JUnit4Provider.executeTestSet(JUnit4Provider.java:214)
	at org.apache.maven.surefire.junit4.JUnit4Provider.invoke(JUnit4Provider.java:155)
	at org.apache.maven.surefire.booter.ForkedBooter.runSuitesInProcess(ForkedBooter.java:385)
	at org.apache.maven.surefire.booter.ForkedBooter.execute(ForkedBooter.java:162)
	at org.apache.maven.surefire.booter.ForkedBooter.run(ForkedBooter.java:507)
	at org.apache.maven.surefire.booter.ForkedBooter.main(ForkedBooter.java:495)
]]></error>
    <system-err><![CDATA[июн. 30, 2023 7:43:28 PM org.glassfish.jersey.test.grizzly.GrizzlyTestContainerFactory$GrizzlyTestContainer <init>
INFO: Creating GrizzlyTestContainer configured at the base URI http://localhost:9998/
]]></system-err>
  </testcase>
</testsuite>